<?xml version="1.0" encoding="UTF-8"?>
<testng-results ignored="0" total="1" passed="1" failed="0" skipped="0">
  <reporter-output>
  </reporter-output>
  <suite started-at="2022-11-18T16:22:31 IST" name="Default suite" finished-at="2022-11-18T16:22:41 IST" duration-ms="10756">
    <groups>
    </groups>
    <test started-at="2022-11-18T16:22:31 IST" name="Default test" finished-at="2022-11-18T16:22:41 IST" duration-ms="10756">
      <class name="softAsserts.FirefoxTest">
        <test-method signature="firefox()[pri:0, instance:softAsserts.FirefoxTest@1139b2f3]" started-at="2022-11-18T16:22:31 IST" name="firefox" finished-at="2022-11-18T16:22:41 IST" duration-ms="10726" status="PASS">
          <reporter-output>
          </reporter-output>
        </test-method> <!-- firefox -->
      </class> <!-- softAsserts.FirefoxTest -->
    </test> <!-- Default test -->
  </suite> <!-- Default suite -->
</testng-results>
